Arguments: 
  C:\Program Files\nodejs\node.exe C:\Users\luis.sousa\AppData\Roaming\npm\node_modules\yarn\bin\yarn.js add mftable2json

PATH: 
  C:\Program Files (x86)\Common Files\Oracle\Java\javapath;C:\Python39\Scripts\;C:\Python39\;C:\ProgramData\Oracle\Java\javapath;C:\Windows\system32;C:\Windows;C:\Windows\System32\Wbem;C:\Windows\System32\WindowsPowerShell\v1.0\;C:\Windows\System32\OpenSSH\;C:\Program Files (x86)\NVIDIA Corporation\PhysX\Common;C:\Program Files\NVIDIA Corporation\NVIDIA NvDLISR;C:\Program Files\nodejs\;C:\ProgramData\chocolatey\bin;C:\Program Files\Git\cmd;C:\Program Files\dotnet\;C:\Program Files\erl10.3\bin;C:\Program Files (x86)\Elixir\bin;C:\Users\luis.sousa\.mix\escripts;C:\ProgramData\chocolatey\lib\Elixir/bin;C:\Program Files\Docker\Docker\resources\bin;C:\ProgramData\DockerDesktop\version-bin;C:\Program Files\Java\jdk1.8.0_291\bin;C:\Program Files\Apache Software Foundation\Tomcat 9.0\bin;C:\Users\luis.sousa\AppData\Local\Microsoft\WindowsApps;C:\Users\luis.sousa\AppData\Roaming\npm;C:\Users\luis.sousa\AppData\Local\Programs\Microsoft VS Code\bin;C:\Users\luis.sousa\AppData\Local\Yarn\bin;C:\Program Files (x86)\BrowserStackLocal\;C:\Users\luis.sousa\Exercism;C:\Program Files\JetBrains\IntelliJ IDEA 2021.1.1\bin;;C:\tools\dart-sdk\bin;C:\Users\luis.sousa\AppData\Roaming\Pub\Cache\bin;

Yarn version: 
  1.22.10

Node version: 
  14.15.5

Platform: 
  win32 x64

Trace: 
  Error: https://registry.yarnpkg.com/mftable2json: Not found
      at Request.params.callback [as _callback] (C:\Users\luis.sousa\AppData\Roaming\npm\node_modules\yarn\lib\cli.js:66988:18)
      at Request.self.callback (C:\Users\luis.sousa\AppData\Roaming\npm\node_modules\yarn\lib\cli.js:140662:22)
      at Request.emit (events.js:315:20)
      at Request.<anonymous> (C:\Users\luis.sousa\AppData\Roaming\npm\node_modules\yarn\lib\cli.js:141634:10)
      at Request.emit (events.js:315:20)
      at IncomingMessage.<anonymous> (C:\Users\luis.sousa\AppData\Roaming\npm\node_modules\yarn\lib\cli.js:141556:12)
      at Object.onceWrapper (events.js:421:28)
      at IncomingMessage.emit (events.js:327:22)
      at endReadableNT (internal/streams/readable.js:1327:12)
      at processTicksAndRejections (internal/process/task_queues.js:80:21)

npm manifest: 
  {
    "name": "io-doc-to-schema",
    "version": "1.0.0",
    "main": "index.js",
    "license": "MIT"
  }

yarn manifest: 
  No manifest

Lockfile: 
  No lockfile
